<?xml version="1.0" encoding="UTF-8"?>
<!-- Generated by org.testng.reporters.JUnitReportReporter -->
<testsuite hostname="LAPTOP-8CCMCL84" failures="0" tests="1" name="AddToCart.AddProductToCart" time="6.612" errors="0" timestamp="2022-09-20T16:49:26 IST" skipped="0">
  <testcase classname="AddToCart.AddProductToCart" name="addToCart" time="6.612"/>
  <system-out/>
</testsuite> <!-- AddToCart.AddProductToCart -->
